1770497096.711017 client started (35526): version 3.6a, socket /tmp/tmux-1000/default, protocol 8
1770497096.711103 on Linux 6.18.7-arch1-1 #1 SMP PREEMPT_DYNAMIC Sat, 24 Jan 2026 00:47:39 +0000
1770497096.711108 using libevent 2.1.12-stable poll
1770497096.711111 using ncurses 6.5 20240427
1770497096.711135 flags are 0x18010000
1770497096.711147 socket is /tmp/tmux-1000/default
1770497096.711158 trying connect
1770497096.711172 connect failed: Connection refused
1770497096.711181 lock file is /tmp/tmux-1000/default.lock
1770497096.711199 flock succeeded
1770497096.711202 got lock (6)
1770497096.711207 trying connect
1770497096.711218 connect failed: Connection refused
1770497096.711628 add peer 0x561dbf5874b0: 7 ((nil))
1770497096.712089 sending message 111 to peer 0x561dbf5874b0 (8 bytes)
1770497096.712096 sending message 111 to peer 0x561dbf5874b0 (8 bytes)
1770497096.712099 sending message 101 to peer 0x561dbf5874b0 (15 bytes)
1770497096.712102 sending message 109 to peer 0x561dbf5874b0 (4 bytes)
1770497096.712105 sending message 102 to peer 0x561dbf5874b0 (11 bytes)
1770497096.712108 sending message 108 to peer 0x561dbf5874b0 (36 bytes)
1770497096.712110 sending message 112 to peer 0x561dbf5874b0 (58 bytes)
1770497096.712113 sending message 112 to peer 0x561dbf5874b0 (5 bytes)
1770497096.712116 sending message 112 to peer 0x561dbf5874b0 (5 bytes)
1770497096.712118 sending message 112 to peer 0x561dbf5874b0 (6 bytes)
1770497096.712121 sending message 112 to peer 0x561dbf5874b0 (6 bytes)
1770497096.712124 sending message 112 to peer 0x561dbf5874b0 (11 bytes)
1770497096.712126 sending message 112 to peer 0x561dbf5874b0 (10 bytes)
1770497096.712129 sending message 112 to peer 0x561dbf5874b0 (13 bytes)
1770497096.712131 sending message 112 to peer 0x561dbf5874b0 (14 bytes)
1770497096.712134 sending message 112 to peer 0x561dbf5874b0 (19 bytes)
1770497096.712137 sending message 112 to peer 0x561dbf5874b0 (11 bytes)
1770497096.712140 sending message 112 to peer 0x561dbf5874b0 (10 bytes)
1770497096.712142 sending message 112 to peer 0x561dbf5874b0 (15 bytes)
1770497096.712149 sending message 112 to peer 0x561dbf5874b0 (21 bytes)
1770497096.712152 sending message 112 to peer 0x561dbf5874b0 (13 bytes)
1770497096.712154 sending message 112 to peer 0x561dbf5874b0 (7 bytes)
1770497096.712157 sending message 112 to peer 0x561dbf5874b0 (13 bytes)
1770497096.712160 sending message 112 to peer 0x561dbf5874b0 (7 bytes)
1770497096.712162 sending message 112 to peer 0x561dbf5874b0 (13 bytes)
1770497096.712165 sending message 112 to peer 0x561dbf5874b0 (9 bytes)
1770497096.712167 sending message 112 to peer 0x561dbf5874b0 (21 bytes)
1770497096.712170 sending message 112 to peer 0x561dbf5874b0 (13 bytes)
1770497096.712172 sending message 112 to peer 0x561dbf5874b0 (9 bytes)
1770497096.712175 sending message 112 to peer 0x561dbf5874b0 (16 bytes)
1770497096.712177 sending message 112 to peer 0x561dbf5874b0 (13 bytes)
1770497096.712180 sending message 112 to peer 0x561dbf5874b0 (9 bytes)
1770497096.712182 sending message 112 to peer 0x561dbf5874b0 (9 bytes)
1770497096.712185 sending message 112 to peer 0x561dbf5874b0 (12 bytes)
1770497096.712187 sending message 112 to peer 0x561dbf5874b0 (8 bytes)
1770497096.712190 sending message 112 to peer 0x561dbf5874b0 (8 bytes)
1770497096.712192 sending message 112 to peer 0x561dbf5874b0 (13 bytes)
1770497096.712195 sending message 112 to peer 0x561dbf5874b0 (7 bytes)
1770497096.712198 sending message 112 to peer 0x561dbf5874b0 (7 bytes)
1770497096.712200 sending message 112 to peer 0x561dbf5874b0 (9 bytes)
1770497096.712203 sending message 112 to peer 0x561dbf5874b0 (9 bytes)
1770497096.712205 sending message 112 to peer 0x561dbf5874b0 (15 bytes)
1770497096.712208 sending message 112 to peer 0x561dbf5874b0 (13 bytes)
1770497096.712210 sending message 112 to peer 0x561dbf5874b0 (12 bytes)
1770497096.712213 sending message 112 to peer 0x561dbf5874b0 (8 bytes)
1770497096.712215 sending message 112 to peer 0x561dbf5874b0 (14 bytes)
1770497096.712218 sending message 112 to peer 0x561dbf5874b0 (11 bytes)
1770497096.712220 sending message 112 to peer 0x561dbf5874b0 (9 bytes)
1770497096.712229 sending message 112 to peer 0x561dbf5874b0 (10 bytes)
1770497096.712232 sending message 112 to peer 0x561dbf5874b0 (10 bytes)
1770497096.712234 sending message 112 to peer 0x561dbf5874b0 (10 bytes)
1770497096.712237 sending message 112 to peer 0x561dbf5874b0 (10 bytes)
1770497096.712239 sending message 112 to peer 0x561dbf5874b0 (11 bytes)
1770497096.712242 sending message 112 to peer 0x561dbf5874b0 (12 bytes)
1770497096.712244 sending message 112 to peer 0x561dbf5874b0 (12 bytes)
1770497096.712247 sending message 112 to peer 0x561dbf5874b0 (12 bytes)
1770497096.712250 sending message 112 to peer 0x561dbf5874b0 (12 bytes)
1770497096.712252 sending message 112 to peer 0x561dbf5874b0 (12 bytes)
1770497096.712255 sending message 112 to peer 0x561dbf5874b0 (11 bytes)
1770497096.712257 sending message 112 to peer 0x561dbf5874b0 (11 bytes)
1770497096.712260 sending message 112 to peer 0x561dbf5874b0 (12 bytes)
1770497096.712262 sending message 112 to peer 0x561dbf5874b0 (12 bytes)
1770497096.712265 sending message 112 to peer 0x561dbf5874b0 (12 bytes)
1770497096.712267 sending message 112 to peer 0x561dbf5874b0 (12 bytes)
1770497096.712270 sending message 112 to peer 0x561dbf5874b0 (12 bytes)
1770497096.712273 sending message 112 to peer 0x561dbf5874b0 (9 bytes)
1770497096.712275 sending message 112 to peer 0x561dbf5874b0 (12 bytes)
1770497096.712278 sending message 112 to peer 0x561dbf5874b0 (13 bytes)
1770497096.712280 sending message 112 to peer 0x561dbf5874b0 (13 bytes)
1770497096.712283 sending message 112 to peer 0x561dbf5874b0 (13 bytes)
1770497096.712285 sending message 112 to peer 0x561dbf5874b0 (13 bytes)
1770497096.712288 sending message 112 to peer 0x561dbf5874b0 (13 bytes)
1770497096.712291 sending message 112 to peer 0x561dbf5874b0 (8 bytes)
1770497096.712293 sending message 112 to peer 0x561dbf5874b0 (11 bytes)
1770497096.712296 sending message 112 to peer 0x561dbf5874b0 (11 bytes)
1770497096.712298 sending message 112 to peer 0x561dbf5874b0 (11 bytes)
1770497096.712301 sending message 112 to peer 0x561dbf5874b0 (12 bytes)
1770497096.712304 sending message 112 to peer 0x561dbf5874b0 (12 bytes)
1770497096.712306 sending message 112 to peer 0x561dbf5874b0 (12 bytes)
1770497096.712309 sending message 112 to peer 0x561dbf5874b0 (12 bytes)
1770497096.712312 sending message 112 to peer 0x561dbf5874b0 (13 bytes)
1770497096.712314 sending message 112 to peer 0x561dbf5874b0 (13 bytes)
1770497096.712317 sending message 112 to peer 0x561dbf5874b0 (13 bytes)
1770497096.712319 sending message 112 to peer 0x561dbf5874b0 (8 bytes)
1770497096.712322 sending message 112 to peer 0x561dbf5874b0 (13 bytes)
1770497096.712325 sending message 112 to peer 0x561dbf5874b0 (13 bytes)
1770497096.712327 sending message 112 to peer 0x561dbf5874b0 (13 bytes)
1770497096.712330 sending message 112 to peer 0x561dbf5874b0 (13 bytes)
1770497096.712333 sending message 112 to peer 0x561dbf5874b0 (13 bytes)
1770497096.712335 sending message 112 to peer 0x561dbf5874b0 (12 bytes)
1770497096.712338 sending message 112 to peer 0x561dbf5874b0 (12 bytes)
1770497096.712340 sending message 112 to peer 0x561dbf5874b0 (12 bytes)
1770497096.712343 sending message 112 to peer 0x561dbf5874b0 (12 bytes)
1770497096.712346 sending message 112 to peer 0x561dbf5874b0 (13 bytes)
1770497096.712348 sending message 112 to peer 0x561dbf5874b0 (8 bytes)
1770497096.712351 sending message 112 to peer 0x561dbf5874b0 (13 bytes)
1770497096.712353 sending message 112 to peer 0x561dbf5874b0 (13 bytes)
1770497096.712356 sending message 112 to peer 0x561dbf5874b0 (13 bytes)
1770497096.712359 sending message 112 to peer 0x561dbf5874b0 (13 bytes)
1770497096.712361 sending message 112 to peer 0x561dbf5874b0 (13 bytes)
1770497096.712364 sending message 112 to peer 0x561dbf5874b0 (13 bytes)
1770497096.712366 sending message 112 to peer 0x561dbf5874b0 (13 bytes)
1770497096.712369 sending message 112 to peer 0x561dbf5874b0 (12 bytes)
1770497096.712372 sending message 112 to peer 0x561dbf5874b0 (12 bytes)
1770497096.712377 sending message 112 to peer 0x561dbf5874b0 (12 bytes)
1770497096.712379 sending message 112 to peer 0x561dbf5874b0 (8 bytes)
1770497096.712382 sending message 112 to peer 0x561dbf5874b0 (12 bytes)
1770497096.712385 sending message 112 to peer 0x561dbf5874b0 (13 bytes)
1770497096.712387 sending message 112 to peer 0x561dbf5874b0 (13 bytes)
1770497096.712390 sending message 112 to peer 0x561dbf5874b0 (13 bytes)
1770497096.712392 sending message 112 to peer 0x561dbf5874b0 (13 bytes)
1770497096.712395 sending message 112 to peer 0x561dbf5874b0 (13 bytes)
1770497096.712398 sending message 112 to peer 0x561dbf5874b0 (13 bytes)
1770497096.712400 sending message 112 to peer 0x561dbf5874b0 (13 bytes)
1770497096.712403 sending message 112 to peer 0x561dbf5874b0 (13 bytes)
1770497096.712405 sending message 112 to peer 0x561dbf5874b0 (12 bytes)
1770497096.712408 sending message 112 to peer 0x561dbf5874b0 (10 bytes)
1770497096.712410 sending message 112 to peer 0x561dbf5874b0 (12 bytes)
1770497096.712413 sending message 112 to peer 0x561dbf5874b0 (12 bytes)
1770497096.712416 sending message 112 to peer 0x561dbf5874b0 (12 bytes)
1770497096.712418 sending message 112 to peer 0x561dbf5874b0 (13 bytes)
1770497096.712421 sending message 112 to peer 0x561dbf5874b0 (13 bytes)
1770497096.712423 sending message 112 to peer 0x561dbf5874b0 (13 bytes)
1770497096.712426 sending message 112 to peer 0x561dbf5874b0 (13 bytes)
1770497096.712428 sending message 112 to peer 0x561dbf5874b0 (13 bytes)
1770497096.712431 sending message 112 to peer 0x561dbf5874b0 (13 bytes)
1770497096.712434 sending message 112 to peer 0x561dbf5874b0 (13 bytes)
1770497096.712436 sending message 112 to peer 0x561dbf5874b0 (10 bytes)
1770497096.712439 sending message 112 to peer 0x561dbf5874b0 (13 bytes)
1770497096.712441 sending message 112 to peer 0x561dbf5874b0 (12 bytes)
1770497096.712444 sending message 112 to peer 0x561dbf5874b0 (12 bytes)
1770497096.712446 sending message 112 to peer 0x561dbf5874b0 (12 bytes)
1770497096.712449 sending message 112 to peer 0x561dbf5874b0 (10 bytes)
1770497096.712451 sending message 112 to peer 0x561dbf5874b0 (10 bytes)
1770497096.712454 sending message 112 to peer 0x561dbf5874b0 (10 bytes)
1770497096.712457 sending message 112 to peer 0x561dbf5874b0 (12 bytes)
1770497096.712459 sending message 112 to peer 0x561dbf5874b0 (13 bytes)
1770497096.712462 sending message 112 to peer 0x561dbf5874b0 (13 bytes)
1770497096.712464 sending message 112 to peer 0x561dbf5874b0 (13 bytes)
1770497096.712467 sending message 112 to peer 0x561dbf5874b0 (13 bytes)
1770497096.712469 sending message 112 to peer 0x561dbf5874b0 (13 bytes)
1770497096.712472 sending message 112 to peer 0x561dbf5874b0 (10 bytes)
1770497096.712475 sending message 112 to peer 0x561dbf5874b0 (11 bytes)
1770497096.712477 sending message 112 to peer 0x561dbf5874b0 (12 bytes)
1770497096.712480 sending message 112 to peer 0x561dbf5874b0 (12 bytes)
1770497096.712482 sending message 112 to peer 0x561dbf5874b0 (12 bytes)
1770497096.712485 sending message 112 to peer 0x561dbf5874b0 (12 bytes)
1770497096.712487 sending message 112 to peer 0x561dbf5874b0 (12 bytes)
1770497096.712490 sending message 112 to peer 0x561dbf5874b0 (11 bytes)
1770497096.712492 sending message 112 to peer 0x561dbf5874b0 (12 bytes)
1770497096.712495 sending message 112 to peer 0x561dbf5874b0 (12 bytes)
1770497096.712498 sending message 112 to peer 0x561dbf5874b0 (13 bytes)
1770497096.712500 sending message 112 to peer 0x561dbf5874b0 (13 bytes)
1770497096.712503 sending message 112 to peer 0x561dbf5874b0 (13 bytes)
1770497096.712505 sending message 112 to peer 0x561dbf5874b0 (13 bytes)
1770497096.712508 sending message 112 to peer 0x561dbf5874b0 (13 bytes)
1770497096.712510 sending message 112 to peer 0x561dbf5874b0 (10 bytes)
1770497096.712513 sending message 112 to peer 0x561dbf5874b0 (9 bytes)
1770497096.712516 sending message 112 to peer 0x561dbf5874b0 (12 bytes)
1770497096.712518 sending message 112 to peer 0x561dbf5874b0 (13 bytes)
1770497096.712521 sending message 112 to peer 0x561dbf5874b0 (13 bytes)
1770497096.712525 sending message 112 to peer 0x561dbf5874b0 (13 bytes)
1770497096.712528 sending message 112 to peer 0x561dbf5874b0 (13 bytes)
1770497096.712531 sending message 112 to peer 0x561dbf5874b0 (13 bytes)
1770497096.712533 sending message 112 to peer 0x561dbf5874b0 (9 bytes)
1770497096.712536 sending message 112 to peer 0x561dbf5874b0 (12 bytes)
1770497096.712538 sending message 112 to peer 0x561dbf5874b0 (13 bytes)
1770497096.712541 sending message 112 to peer 0x561dbf5874b0 (13 bytes)
1770497096.712543 sending message 112 to peer 0x561dbf5874b0 (13 bytes)
1770497096.712546 sending message 112 to peer 0x561dbf5874b0 (13 bytes)
1770497096.712549 sending message 112 to peer 0x561dbf5874b0 (13 bytes)
1770497096.712551 sending message 112 to peer 0x561dbf5874b0 (11 bytes)
1770497096.712554 sending message 112 to peer 0x561dbf5874b0 (12 bytes)
1770497096.712556 sending message 112 to peer 0x561dbf5874b0 (13 bytes)
1770497096.712559 sending message 112 to peer 0x561dbf5874b0 (13 bytes)
1770497096.712562 sending message 112 to peer 0x561dbf5874b0 (13 bytes)
1770497096.712564 sending message 112 to peer 0x561dbf5874b0 (13 bytes)
1770497096.712567 sending message 112 to peer 0x561dbf5874b0 (13 bytes)
1770497096.712569 sending message 112 to peer 0x561dbf5874b0 (11 bytes)
1770497096.712572 sending message 112 to peer 0x561dbf5874b0 (12 bytes)
1770497096.712574 sending message 112 to peer 0x561dbf5874b0 (12 bytes)
1770497096.712577 sending message 112 to peer 0x561dbf5874b0 (12 bytes)
1770497096.712580 sending message 112 to peer 0x561dbf5874b0 (12 bytes)
1770497096.712582 sending message 112 to peer 0x561dbf5874b0 (12 bytes)
1770497096.712585 sending message 112 to peer 0x561dbf5874b0 (21 bytes)
1770497096.712587 sending message 112 to peer 0x561dbf5874b0 (12 bytes)
1770497096.712590 sending message 112 to peer 0x561dbf5874b0 (9 bytes)
1770497096.712593 sending message 112 to peer 0x561dbf5874b0 (6 bytes)
1770497096.712595 sending message 112 to peer 0x561dbf5874b0 (13 bytes)
1770497096.712598 sending message 112 to peer 0x561dbf5874b0 (10 bytes)
1770497096.712600 sending message 112 to peer 0x561dbf5874b0 (24 bytes)
1770497096.712603 sending message 112 to peer 0x561dbf5874b0 (13 bytes)
1770497096.712605 sending message 112 to peer 0x561dbf5874b0 (9 bytes)
1770497096.712608 sending message 112 to peer 0x561dbf5874b0 (70 bytes)
1770497096.712611 sending message 112 to peer 0x561dbf5874b0 (69 bytes)
1770497096.712613 sending message 112 to peer 0x561dbf5874b0 (12 bytes)
1770497096.712616 sending message 112 to peer 0x561dbf5874b0 (10 bytes)
1770497096.712619 sending message 112 to peer 0x561dbf5874b0 (10 bytes)
1770497096.712621 sending message 112 to peer 0x561dbf5874b0 (24 bytes)
1770497096.712624 sending message 112 to peer 0x561dbf5874b0 (13 bytes)
1770497096.712627 sending message 112 to peer 0x561dbf5874b0 (10 bytes)
1770497096.712629 sending message 112 to peer 0x561dbf5874b0 (10 bytes)
1770497096.712632 sending message 112 to peer 0x561dbf5874b0 (10 bytes)
1770497096.712634 sending message 112 to peer 0x561dbf5874b0 (13 bytes)
1770497096.712637 sending message 112 to peer 0x561dbf5874b0 (15 bytes)
1770497096.712639 sending message 112 to peer 0x561dbf5874b0 (5 bytes)
1770497096.712643 sending message 104 to peer 0x561dbf5874b0 (0 bytes)
1770497096.712647 sending message 110 to peer 0x561dbf5874b0 (0 bytes)
1770497096.712650 sending message 107 to peer 0x561dbf5874b0 (4 bytes)
1770497096.712653 sending message 105 to peer 0x561dbf5874b0 (20 bytes)
1770497096.712656 sending message 105 to peer 0x561dbf5874b0 (47 bytes)
1770497096.712658 sending message 105 to peer 0x561dbf5874b0 (44 bytes)
1770497096.712661 sending message 105 to peer 0x561dbf5874b0 (30 bytes)
1770497096.712664 sending message 105 to peer 0x561dbf5874b0 (51 bytes)
1770497096.712667 sending message 105 to peer 0x561dbf5874b0 (15 bytes)
1770497096.712670 sending message 105 to peer 0x561dbf5874b0 (27 bytes)
1770497096.712673 sending message 105 to peer 0x561dbf5874b0 (320 bytes)
1770497096.712675 sending message 105 to peer 0x561dbf5874b0 (15 bytes)
1770497096.712681 sending message 105 to peer 0x561dbf5874b0 (36 bytes)
1770497096.712684 sending message 105 to peer 0x561dbf5874b0 (60 bytes)
1770497096.712686 sending message 105 to peer 0x561dbf5874b0 (21 bytes)
1770497096.712689 sending message 105 to peer 0x561dbf5874b0 (19 bytes)
1770497096.712692 sending message 105 to peer 0x561dbf5874b0 (25 bytes)
1770497096.712694 sending message 105 to peer 0x561dbf5874b0 (26 bytes)
1770497096.712697 sending message 105 to peer 0x561dbf5874b0 (38 bytes)
1770497096.712700 sending message 105 to peer 0x561dbf5874b0 (52 bytes)
1770497096.712702 sending message 105 to peer 0x561dbf5874b0 (40 bytes)
1770497096.712705 sending message 105 to peer 0x561dbf5874b0 (22 bytes)
1770497096.712707 sending message 105 to peer 0x561dbf5874b0 (17 bytes)
1770497096.712710 sending message 105 to peer 0x561dbf5874b0 (20 bytes)
1770497096.712713 sending message 105 to peer 0x561dbf5874b0 (17 bytes)
1770497096.712715 sending message 105 to peer 0x561dbf5874b0 (28 bytes)
1770497096.712718 sending message 105 to peer 0x561dbf5874b0 (51 bytes)
1770497096.712721 sending message 105 to peer 0x561dbf5874b0 (22 bytes)
1770497096.712723 sending message 105 to peer 0x561dbf5874b0 (35 bytes)
1770497096.712726 sending message 105 to peer 0x561dbf5874b0 (31 bytes)
1770497096.712728 sending message 105 to peer 0x561dbf5874b0 (8 bytes)
1770497096.712731 sending message 105 to peer 0x561dbf5874b0 (16 bytes)
1770497096.712734 sending message 105 to peer 0x561dbf5874b0 (45 bytes)
1770497096.712736 sending message 105 to peer 0x561dbf5874b0 (125 bytes)
1770497096.712739 sending message 105 to peer 0x561dbf5874b0 (47 bytes)
1770497096.712742 sending message 105 to peer 0x561dbf5874b0 (47 bytes)
1770497096.712744 sending message 105 to peer 0x561dbf5874b0 (14 bytes)
1770497096.712747 sending message 105 to peer 0x561dbf5874b0 (16 bytes)
1770497096.712750 sending message 105 to peer 0x561dbf5874b0 (29 bytes)
1770497096.712752 sending message 105 to peer 0x561dbf5874b0 (18 bytes)
1770497096.712755 sending message 105 to peer 0x561dbf5874b0 (50 bytes)
1770497096.712758 sending message 105 to peer 0x561dbf5874b0 (21 bytes)
1770497096.712760 sending message 105 to peer 0x561dbf5874b0 (11 bytes)
1770497096.712763 sending message 105 to peer 0x561dbf5874b0 (23 bytes)
1770497096.712765 sending message 105 to peer 0x561dbf5874b0 (52 bytes)
1770497096.712768 sending message 105 to peer 0x561dbf5874b0 (26 bytes)
1770497096.712771 sending message 105 to peer 0x561dbf5874b0 (18 bytes)
1770497096.712773 sending message 105 to peer 0x561dbf5874b0 (20 bytes)
1770497096.712776 sending message 105 to peer 0x561dbf5874b0 (15 bytes)
1770497096.712778 sending message 105 to peer 0x561dbf5874b0 (25 bytes)
1770497096.712781 sending message 105 to peer 0x561dbf5874b0 (52 bytes)
1770497096.712784 sending message 105 to peer 0x561dbf5874b0 (11 bytes)
1770497096.712786 sending message 105 to peer 0x561dbf5874b0 (12 bytes)
1770497096.712789 sending message 105 to peer 0x561dbf5874b0 (25 bytes)
1770497096.712791 sending message 105 to peer 0x561dbf5874b0 (54 bytes)
1770497096.712794 sending message 105 to peer 0x561dbf5874b0 (15 bytes)
1770497096.712797 sending message 105 to peer 0x561dbf5874b0 (58 bytes)
1770497096.712799 sending message 106 to peer 0x561dbf5874b0 (0 bytes)
1770497096.712860 sending message 200 to peer 0x561dbf5874b0 (4 bytes)
1770497096.712863 client loop enter
1770497096.712879 client_signal: Child exited
1770497096.767574 peer 0x561dbf5874b0 message 207
1770497096.767583 sending message 208 to peer 0x561dbf5874b0 (0 bytes)
1770497100.224801 peer 0x561dbf5874b0 message 203
1770497100.224837 sending message 205 to peer 0x561dbf5874b0 (0 bytes)
1770497100.225279 peer 0x561dbf5874b0 message 204
1770497100.225290 client loop exit
